{"/mnt/c/Users/tonny/Desktop/Programs/frontend-project-lvl2/lib/genDiff.js": {"path":"/mnt/c/Users/tonny/Desktop/Programs/frontend-project-lvl2/lib/genDiff.js","all":false,"statementMap":{"0":{"start":{"line":1,"column":0},"end":{"line":1,"column":57}},"1":{"start":{"line":2,"column":0},"end":{"line":2,"column":0}},"2":{"start":{"line":3,"column":0},"end":{"line":3,"column":42}},"3":{"start":{"line":4,"column":0},"end":{"line":4,"column":43}},"4":{"start":{"line":5,"column":0},"end":{"line":5,"column":43}},"5":{"start":{"line":6,"column":0},"end":{"line":6,"column":36}},"6":{"start":{"line":7,"column":0},"end":{"line":7,"column":2}}},"s":{"0":1,"1":1,"2":1,"3":2,"4":2,"5":2,"6":2},"branchMap":{"0":{"type":"branch","line":3,"loc":{"start":{"line":3,"column":15},"end":{"line":7,"column":2}},"locations":[{"start":{"line":3,"column":15},"end":{"line":7,"column":2}}]}},"b":{"0":[2]},"fnMap":{"0":{"name":"default","decl":{"start":{"line":3,"column":15},"end":{"line":7,"column":2}},"loc":{"start":{"line":3,"column":15},"end":{"line":7,"column":2}},"line":3}},"f":{"0":2}}
,"/mnt/c/Users/tonny/Desktop/Programs/frontend-project-lvl2/lib/lib.js": {"path":"/mnt/c/Users/tonny/Desktop/Programs/frontend-project-lvl2/lib/lib.js","all":false,"statementMap":{"0":{"start":{"line":1,"column":0},"end":{"line":1,"column":34}},"1":{"start":{"line":2,"column":0},"end":{"line":2,"column":31}},"2":{"start":{"line":3,"column":0},"end":{"line":3,"column":23}},"3":{"start":{"line":4,"column":0},"end":{"line":4,"column":0}},"4":{"start":{"line":5,"column":0},"end":{"line":5,"column":43}},"5":{"start":{"line":6,"column":0},"end":{"line":6,"column":72}},"6":{"start":{"line":7,"column":0},"end":{"line":7,"column":32}},"7":{"start":{"line":8,"column":0},"end":{"line":8,"column":2}},"8":{"start":{"line":9,"column":0},"end":{"line":9,"column":0}},"9":{"start":{"line":10,"column":0},"end":{"line":10,"column":54}},"10":{"start":{"line":11,"column":0},"end":{"line":11,"column":0}},"11":{"start":{"line":12,"column":0},"end":{"line":12,"column":53}},"12":{"start":{"line":13,"column":0},"end":{"line":13,"column":84}},"13":{"start":{"line":14,"column":0},"end":{"line":14,"column":0}},"14":{"start":{"line":15,"column":0},"end":{"line":15,"column":44}},"15":{"start":{"line":16,"column":0},"end":{"line":16,"column":40}},"16":{"start":{"line":17,"column":0},"end":{"line":17,"column":40}},"17":{"start":{"line":18,"column":0},"end":{"line":18,"column":48}},"18":{"start":{"line":19,"column":0},"end":{"line":19,"column":7}},"19":{"start":{"line":20,"column":0},"end":{"line":20,"column":40}},"20":{"start":{"line":21,"column":0},"end":{"line":21,"column":48}},"21":{"start":{"line":22,"column":0},"end":{"line":22,"column":7}},"22":{"start":{"line":23,"column":0},"end":{"line":23,"column":12}},"23":{"start":{"line":24,"column":0},"end":{"line":24,"column":46}},"24":{"start":{"line":25,"column":0},"end":{"line":25,"column":5}},"25":{"start":{"line":26,"column":0},"end":{"line":26,"column":0}},"26":{"start":{"line":27,"column":0},"end":{"line":27,"column":15}},"27":{"start":{"line":28,"column":0},"end":{"line":28,"column":9}},"28":{"start":{"line":29,"column":0},"end":{"line":29,"column":0}},"29":{"start":{"line":30,"column":0},"end":{"line":30,"column":28}},"30":{"start":{"line":31,"column":0},"end":{"line":31,"column":2}}},"s":{"0":1,"1":1,"2":1,"3":1,"4":1,"5":4,"6":4,"7":4,"8":1,"9":1,"10":1,"11":1,"12":2,"13":2,"14":2,"15":9,"16":4,"17":3,"18":3,"19":4,"20":2,"21":2,"22":9,"23":5,"24":5,"25":9,"26":9,"27":2,"28":2,"29":2,"30":2},"branchMap":{"0":{"type":"branch","line":5,"loc":{"start":{"line":5,"column":33},"end":{"line":8,"column":2}},"locations":[{"start":{"line":5,"column":33},"end":{"line":8,"column":2}}]},"1":{"type":"branch","line":10,"loc":{"start":{"line":10,"column":20},"end":{"line":10,"column":54}},"locations":[{"start":{"line":10,"column":20},"end":{"line":10,"column":54}}]},"2":{"type":"branch","line":12,"loc":{"start":{"line":12,"column":30},"end":{"line":31,"column":2}},"locations":[{"start":{"line":12,"column":30},"end":{"line":31,"column":2}}]},"3":{"type":"branch","line":15,"loc":{"start":{"line":15,"column":29},"end":{"line":28,"column":5}},"locations":[{"start":{"line":15,"column":29},"end":{"line":28,"column":5}}]},"4":{"type":"branch","line":16,"loc":{"start":{"line":16,"column":39},"end":{"line":23,"column":11}},"locations":[{"start":{"line":16,"column":39},"end":{"line":23,"column":11}}]},"5":{"type":"branch","line":17,"loc":{"start":{"line":17,"column":39},"end":{"line":19,"column":7}},"locations":[{"start":{"line":17,"column":39},"end":{"line":19,"column":7}}]},"6":{"type":"branch","line":20,"loc":{"start":{"line":20,"column":39},"end":{"line":22,"column":7}},"locations":[{"start":{"line":20,"column":39},"end":{"line":22,"column":7}}]},"7":{"type":"branch","line":23,"loc":{"start":{"line":23,"column":5},"end":{"line":25,"column":5}},"locations":[{"start":{"line":23,"column":5},"end":{"line":25,"column":5}}]}},"b":{"0":[4],"1":[2],"2":[2],"3":[9],"4":[4],"5":[3],"6":[2],"7":[5]},"fnMap":{"0":{"name":"createFileObject","decl":{"start":{"line":5,"column":33},"end":{"line":8,"column":2}},"loc":{"start":{"line":5,"column":33},"end":{"line":8,"column":2}},"line":5},"1":{"name":"formatDiff","decl":{"start":{"line":10,"column":20},"end":{"line":10,"column":54}},"loc":{"start":{"line":10,"column":20},"end":{"line":10,"column":54}},"line":10},"2":{"name":"compareObjects","decl":{"start":{"line":12,"column":30},"end":{"line":31,"column":2}},"loc":{"start":{"line":12,"column":30},"end":{"line":31,"column":2}},"line":12}},"f":{"0":4,"1":2,"2":2}}
}
