TN:
SF:lib/genDiff.js
FN:3,default
FNF:1
FNH:1
FNDA:2,default
DA:1,1
DA:2,1
DA:3,1
DA:4,2
DA:5,2
DA:6,2
DA:7,2
LF:7
LH:7
BRDA:3,0,0,2
BRF:1
BRH:1
end_of_record
TN:
SF:lib/lib.js
FN:5,createFileObject
FN:10,formatDiff
FN:12,compareObjects
FNF:3
FNH:3
FNDA:4,createFileObject
FNDA:2,formatDiff
FNDA:2,compareObjects
DA:1,1
DA:2,1
DA:3,1
DA:4,1
DA:5,1
DA:6,4
DA:7,4
DA:8,4
DA:9,1
DA:10,1
DA:11,1
DA:12,1
DA:13,2
DA:14,2
DA:15,2
DA:16,9
DA:17,4
DA:18,3
DA:19,3
DA:20,4
DA:21,2
DA:22,2
DA:23,9
DA:24,5
DA:25,5
DA:26,9
DA:27,9
DA:28,2
DA:29,2
DA:30,2
DA:31,2
LF:31
LH:31
BRDA:5,0,0,4
BRDA:10,1,0,2
BRDA:12,2,0,2
BRDA:15,3,0,9
BRDA:16,4,0,4
BRDA:17,5,0,3
BRDA:20,6,0,2
BRDA:23,7,0,5
BRF:8
BRH:8
end_of_record
